Ignoring BSIM parameter XL
Ignoring BSIM parameter XW
Ignoring BSIM parameter ACM
Ignoring BSIM parameter HDIF
Ignoring BSIM parameter LDIF
Ignoring BSIM parameter CALCACM
Ignoring BSIM parameter XL
Ignoring BSIM parameter XW
Ignoring BSIM parameter ACM
Ignoring BSIM parameter HDIF
Ignoring BSIM parameter LDIF
Ignoring BSIM parameter CALCACM
Error on line 63 : .model p18 pmos (  lmin = 1.65e-007 lmax = 5e-007 wmin = 2.05e-007 wmax = 5e-007  level = 49 version = 3.24  vth0 = -0.4253 lvth0 = 9.705e-009 wvth0 = 1.12406e-008 pvth0 = -1.86656e-015  k1 = 0.434498 lk1 = 4.78238e-008 wk1 = 8.46853e-008 pk1 = -1.17253e-014  k2 = 0.0578256 lk2 = -1.52753e-008 wk2 = -3.07462e-008 pk2 = 3.30052e-015  u0 = 66.6004 lu0 = -4.32947e-006 wu0 = -5.08676e-006 pu0 = 5.90391e-013  ua = 3.45013e-010 lua = -2.14416e-016 wua = -2.63838e-016 pua = 3.20409e-023  ub = 1.17418e-018 lub = 1.20675e-025 wub = 5.9567e-026 pub = -2.15531e-032  uc = -1.33336e-010 luc = 1.65518e-017 wuc = 1.60416e-017 puc = -4.69477e-024  vsat = 120403 lvsat = 0.00243187 wvsat = -0.00436071 pvsat = -3.3e-010  a0 = 1.45659 la0 = 1.18255e-007 wa0 = -1.73326e-007 pa0 = -2.62453e-015  ags = 0.114358 lags = 1.99911e-007 wags = 5.94835e-008 pags = -4.09716e-014  keta = 0.000583741 lketa = 2.17727e-009 wketa = 1.504e-009 pketa = -9.67622e-016  voff = -0.132098 lvoff = 2.75906e-009 wvoff = 8.51763e-009 pvoff = -1.36641e-015  nfactor = 1.14491 lnfactor = 1.65319e-008 wnfactor = -5.95179e-009 pnfactor = 1.93875e-015  pclm = 2.65776 lpclm = -1.9952e-007 wpclm = -2.13849e-007 ppclm = 2.41467e-014  pdiblcb = -3.9798 lpdiblcb = 5.29266e-007 wpdiblcb = -6.2285e-007 ppdiblcb = 5.08922e-014  pscbe1 = -5.3e+008 lpscbe1 = 153 wpscbe1 = 336.6 ppscbe1 = -3.366e-005  pvag = 6.04997 lpvag = -5.9257e-007 wpvag = -1.33093e-006 ppvag = 1.30361e-013  ute = -0.414135 lute = -4.36472e-008 wute = 2.52239e-008 pute = 2.8478e-014  ua1 = 4.37327e-009 lua1 = -3.27984e-016 wua1 = -4.00199e-016 pua1 = 1.00598e-022  ub1 = -6.10158e-018 lub1 = 4.15322e-025 wub1 = 7.03288e-025 pub1 = -1.14211e-031  uc1 = -8.57234e-011 luc1 = 2.46323e-017 wuc1 = -1.69555e-017 puc1 = -6.33445e-024  at = 38950.9 lat = 0.00464062 wat = 0.00552455 pat = -2.32031e-009  kt1 = -0.243082 lkt1 = -6.1275e-009 wkt1 = 1.01504e-008 pkt1 = 9.17812e-016  kt2 = 0.014073 lkt2 = -8.36527e-009 wkt2 = 9.40795e-010 pkt2 = 1.25091e-015  pdiblc2 = 4.625e-005 lpdiblc2 = -2.625e-012 wpdiblc2 = -9.96873e-028 ppdiblc2 = 0  dwg = 0 dwb = 0  binunit = 2 mobmod = 1 capmod = 3 noimod = 2  paramchk = 1 delta = 0.01 tnom = 27 tox = 4e-009  toxm = 4e-009 nch = 8.11518e+017 xj = 1.5e-007 ngate = 0  rsh = 0 k3 = -5.059 k3b = 3.962 w0 = 2.705e-007  nlx = 8.26e-008 dvt0 = 0.9523 dvt1 = 0.2578 dvt2 = 0.099  dvt0w = -2.973 dvt1w = 5.3e+006 dvt2w = -0.032 eta0 = 0.003519  etab = -0.004696 dsub = 0.2 b0 = 0 b1 = 0  a1 = 1e-015 a2 = 0.995 rdsw = 1505 prwb = -0.009067  prwg = -0.2868 wr = 1 wint = -4e-008 wl = 0  wln = 1 ww = 0 wwn = 1 wwl = 0  lint = 5e-008 ll = 0 lln = 0.21 lw = 0  lwn = 1 lwl = 0 cit = 0 cdsc = 0.00024  cdscb = 0 cdscd = 0 pdiblc1 = 0.1029 drout = 0.56  pscbe2 = 1e-005 alpha0 = 0 alpha1 = 0  beta0 = 30 js = 1.775e-006 jsw = 1e-018 nj = 1.127  ijth = 0.001416 cj = 0.0009621 mj = 0.3626 pb = 0.775  cjsw = 2.8e-011 mjsw = 0.05 pbsw = 1 cjswg = 5e-010  mjswg = 0.33 pbswg = 1 cgdo = 2.6e-010 cgso = 2.6e-010  cgbo = 0 cgsl = 0 cgdl = 0 ckappa = 0.6  cf = 0 noff = 3 voffcv = -0.08 acde = 0.9  moin = 15 dlc = -136n dwc = 0 llc = 5.77n  lwc = 0 lwlc = 0 wlc = 0 wwc = 0  wwlc = 0 clc = 1e-007 cle = 0.6 elm = 2  xpart = 0.5 kt1l = 0 prt = 565.7 xti = 1.311  tpb = 0.0008294 tpbsw = 0 tpbswg = 0 tcj = 0.0006115  tcjsw = 0 tcjswg = 0 ef = 1.24  em = 21500000 noia = 5.623e+19 noib = 1526000  noic = 3.630e-11  binflag = 1 lref = 1e14 wref = 1e14 tref = 25  xl = 0 xw = 0 lmlt = 1 wmlt = 1  rd = 0 rdc = 0 rs = 0 rsc = 0  acm = 12 hdif = 0.15e-6 ldif = 0 calcacm = 1 )
	* Unrecognized parameter "binflag" -- ignored
	* Unrecognized parameter "lref" -- ignored
	* Unrecognized parameter "wref" -- ignored
	* Unrecognized parameter "lmlt" -- ignored
	* Unrecognized parameter "wmlt" -- ignored
	* Unrecognized parameter "rdc" -- ignored
	* Unrecognized parameter "rsc" -- ignored
Error on line 1171 : .model n18 nmos (  lmin = 1.65e-007 lmax = 5e-007 wmin = 2.05e-007 wmax = 5e-007  level = 49 version = 3.24  vth0 = 0.366117 lvth0 = -1.47403e-008 wvth0 = 2.66725e-008 pvth0 = -3.56297e-015  k1 = 0.545245 lk1 = 2.98012e-008 wk1 = -3.37317e-008 pk1 = 2.15531e-015  k2 = -0.0828741 lk2 = -3.13688e-009 wk2 = 2.2083e-008 pk2 = -2.21616e-015  u0 = 82.1962 lu0 = -7.21406e-007 wu0 = 3.91347e-005 pu0 = -3.05508e-012  ua = -2.20996e-009 lua = -1.9575e-017 wua = 1.47763e-016 pua = -1.78406e-023  ub = 2.05305e-018 lub = 1.96594e-026 wub = 8.35067e-026 pub = -4.38281e-033  uc = 2.54121e-011 luc = 1.89694e-018 wuc = 9.47866e-018 puc = -1.08694e-024  vsat = 160610 lvsat = -0.00671812 wvsat = -0.0106955 pvsat = 1.42312e-009  a0 = 0.792804 la0 = 6.44625e-008 wa0 = 8.80982e-008 pa0 = -5.98125e-015  ags = 0.0494074 lags = -1.05104e-007 wags = 1.95167e-007 pags = -1.94303e-014  keta = 0.128524 lketa = -5.75606e-009 wketa = -3.64768e-008 pketa = 3.3e-015  voff = -0.0396063 lvoff = -8.33438e-009 wvoff = -3.8775e-008 pvoff = 3.465e-015  nfactor = 1.32076 lnfactor = -5.88197e-008 wnfactor = -3.35812e-007 pnfactor = 3.6563e-014  pclm = 2.36668 lpclm = -1.41825e-007 wpclm = -8.54955e-008 ppclm = 1.74281e-014  pdiblcb = -6.62619 lpdiblcb = 6.82999e-007 wpdiblcb = 1.54688e-009 ppdiblcb = -6.49688e-016  pscbe1 = 1.30128e+009 lpscbe1 = -95.1788 wpscbe1 = -237.831 ppscbe1 = 2.71734e-005  pvag = 8.93382 lpvag = -8.79934e-007 wpvag = -1.74885e-006 ppvag = 1.73451e-013  ute = -0.724151 lute = -2.08706e-008 wute = -1.81402e-008 pute = -6.04313e-015  ua1 = 1.75309e-009 lua1 = -4.99594e-017 wua1 = 1.18422e-016 pua1 = -2.03672e-023  ub1 = -2.09579e-018 lub1 = 5.69102e-026 wub1 = -1.56513e-025 pub1 = 2.77855e-032  uc1 = 1.94736e-027 luc1 = -8.17891e-034 wuc1 = -5.95026e-034 puc1 = 2.49911e-040  at = -3811.21 lat = 0.00453291 wat = 0.0114515 pat = -9.58547e-010  kt1 = -0.253838 lkt1 = -6.73687e-009 wkt1 = 1.64754e-008 pkt1 = -2.05219e-015  kt2 = -0.044602 lkt2 = 1.70752e-009 wkt2 = -2.35371e-009 pkt2 = 7.75706e-016  eta0 = 0.474555 leta0 = -3.98752e-008 weta0 = -2.351e-009 peta0 = 9.21422e-016  etab = -0.428366 letab = 2.49788e-008 wetab = -2.02321e-009 petab = 7.0125e-016  pdiblc2 = 6.40625e-005 lpdiblc2 = -5.90625e-012 wpdiblc2 = 1.65815e-027 ppdiblc2 = -5.0822e-034  dwg = 0 dwb = 0  binunit = 2 mobmod = 1 capmod = 3 noimod = 2  paramchk = 1 delta = 0.01 tnom = 27 tox = 4e-009  toxm = 4e-009 nch = 4.06574e+017 xj = 1.5e-007 ngate = 0  rsh = 0 k3 = -4.827 k3b = 3.062 w0 = 1.39e-007  nlx = 1.605e-007 dvt0 = 2.483 dvt1 = 0.6728 dvt2 = -0.06749  dvt0w = -1.602 dvt1w = 5.3e+006 dvt2w = -0.032 dsub = 1.431  b0 = 0 b1 = 0 a1 = 0 a2 = 1  rdsw = 340.2 prwb = 0.04881 prwg = -0.2326 wr = 1  wint = 0 wl = 0 wln = 1 ww = 0  wwn = 1 wwl = 0 lint = 2.5e-008 ll = 0  lln = 0.18 lw = 0 lwn = 1 lwl = 0  cit = 0 cdsc = 0.00024 cdscb = 0 cdscd = 0  pdiblc1 = 0.05871 drout = 0.56 pscbe2 = 1e-005  alpha0 = 0 alpha1 = 0 beta0 = 30 js = 1.663e-005  jsw = 6.906e-011 nj = 1.427 ijth = 0.1 cj = 0.001151  mj = 0.409 pb = 0.75 cjsw = 2e-011 mjsw = 0.33  pbsw = 1 cjswg = 5e-010 mjswg = 0.33 pbswg = 1  cgdo = 2.2e-010 cgso = 2.2e-010 cgbo = 0 cgsl = 0  cgdl = 0 ckappa = 0.6 cf = 0 noff = 3  voffcv = -0.09 acde = 1.2 moin = 15 dlc=-142n  dwc = 0 llc = 9.7n lwc = 0 lwlc = 0  wlc = 0 wwc = 0 wwlc = 0 clc = 1e-007  cle = 0.6 elm = 2 xpart = 0.5 kt1l = 0  prt = 88.16 xti = 1 tpb = 0.0008538 tpbsw = 0.007691  tpbswg = 0 tcj = 0.0006691 tcjsw = 0.002736 tcjswg = 0  ef = 0.986 em = 5916433  noia = 7.943e+19 noib = 251188 noic = -2.511e-12  binflag = 1 lref = 1e14 wref = 1e14 tref = 25  xl = 0 xw = 0 lmlt = 1 wmlt = 1  rd = 0 rdc = 0 rs = 0 rsc = 0  acm = 12 hdif = 0.15e-6 ldif = 0 calcacm = 1 )
	* Unrecognized parameter "binflag" -- ignored
	* Unrecognized parameter "lref" -- ignored
	* Unrecognized parameter "wref" -- ignored
	* Unrecognized parameter "lmlt" -- ignored
	* Unrecognized parameter "wmlt" -- ignored
	* Unrecognized parameter "rdc" -- ignored
	* Unrecognized parameter "rsc" -- ignored

   --- Expanded Deck Component Count ---
C's 4
I's 1
M's 36
R's 6
V's 4
tot: 51


    --- Expanded Netlist ---
* D:\IIST Education\7th Semester\AVM613 Analog VLSI circuits\Project\Final design\working model\final_complete_design.asc
m0p n005 vtp vdd vdd p18 l=250n w=0.5u m=27
m8 voutp1 vb3 n006 vdd p18 l=180n w=0.5u m=31
m7 voutm1 vb3 n007 vdd p18 l=180n w=0.5u m=31
m10 n006 vb4 vdd vdd p18 l=180n w=0.5u m=62
m9 n007 vb4 vdd vdd p18 l=180n w=0.5u m=62
m6 voutp1 vb2 n013 0 n18 l=180n w=0.5u m=15
m4 n013 vb1 0 0 n18 l=180n w=0.5u m=27
m5 voutm1 vb2 n014 0 n18 l=180n w=0.5u m=15
m3 n014 vb1 0 0 n18 l=180n w=0.5u m=27
m2p n013 vinm n005 vdd p18 l=180n w=0.5u m=84
m1p n014 vinp n005 vdd p18 l=180n w=0.5u m=84
m2n n006 vinm n011 0 n18 l=180n w=0.5u m=14
m1n n007 vinp n011 0 n18 l=180n w=0.5u m=14
m0n n011 vtn 0 0 n18 l=250n w=0.5u m=32
v1 vdd 0 1.8
v4 vinp 0 sine(0.9 1m 10 0 0 0) ac 1m
v5 vinm 0 sine(0.9 1m 10 0 0 180) ac 1m 180
c1 voutp 0 500f
c2 voutm 0 500f
i1 vdd vtn 10µ
m1 vtn vtn 0 0 n18 l=250n w=0.5u m=2
m2 vtp vtn 0 0 n18 l=250n w=0.5u m=2
m11 vtp vtp vdd vdd p18 l=250n w=0.5u m=2
m12 vb2 vtp vdd vdd p18 l=250n w=0.5u m=2
r1 vb2 vb1 25k
r2 vb4 vb3 30k
m13 vb1 vb2 n012 0 n18 l=180n w=0.5u m=2
m14 n012 vb1 0 0 n18 l=180n w=0.5u m=2
m15 vb4 vb3 n008 vdd p18 l=180n w=0.5u m=4
m19 vb3 vtn 0 0 n18 l=250n w=0.5u m=2
m20 n008 vb4 vdd vdd p18 l=180n w=0.5u m=4
r3 n010 v+ 1k
r4 v+ n009 1k
m16 n001 n001 vdd vdd p18 l=180n w=0.5u m=14
m17 vo_5t n001 vdd vdd p18 l=180n w=0.5u m=14
m18 n001 v+ n004 0 n18 l=180n w=0.5u m=22
m21 vo_5t v- n004 0 n18 l=180n w=0.5u m=22
m22 n004 vtn 0 0 n18 l=250n w=0.5u m=27
v2 v- 0 0.3
m23 voutm voutp1 vdd vdd p18 l=180n w=5e-007 m=40
m24 voutm vtn 0 0 n18 l=2.5e-007 w=5e-007 m=80
m25 voutp voutm1 vdd vdd p18 l=180n w=5e-007 m=40
m26 voutp vtn 0 0 n18 l=2.5e-007 w=5e-007 m=80
m28 n009 vtn 0 0 n18 l=2.5e-007 w=5e-007 
m27 vdd voutm1 n009 0 n18 l=2.5e-007 w=5e-007 
m29 n010 vtn 0 0 n18 l=2.5e-007 w=5e-007 
m30 vdd voutp1 n010 0 n18 l=2.5e-007 w=5e-007 
r5 voutm1 n002 500
c5 n002 voutp 500f
r6 voutp1 n003 500
c6 voutm n003 500f
.model p18 pmos (lmin=1.65e-007 lmax=5e-007 wmin=2.05e-007 wmax=5e-007 level=49 version=3.24 vth0=-0.4253 lvth0=9.705e-009 wvth0=1.12406e-008 pvth0=-1.86656e-015 k1=0.434498 lk1=4.78238e-008 wk1=8.46853e-008 pk1=-1.17253e-014 k2=0.0578256 lk2=-1.52753e-008 wk2=-3.07462e-008 pk2=3.30052e-015 u0=66.6004 lu0=-4.32947e-006 wu0=-5.08676e-006 pu0=5.90391e-013 ua=3.45013e-010 lua=-2.14416e-016 wua=-2.63838e-016 pua=3.20409e-023 ub=1.17418e-018 lub=1.20675e-025 wub=5.9567e-026 pub=-2.15531e-032 uc=-1.33336e-010 luc=1.65518e-017 wuc=1.60416e-017 puc=-4.69477e-024 vsat=120403 lvsat=0.00243187 wvsat=-0.00436071 pvsat=-3.3e-010 a0=1.45659 la0=1.18255e-007 wa0=-1.73326e-007 pa0=-2.62453e-015 ags=0.114358 lags=1.99911e-007 wags=5.94835e-008 pags=-4.09716e-014 keta=0.000583741 lketa=2.17727e-009 wketa=1.504e-009 pketa=-9.67622e-016 voff=-0.132098 lvoff=2.75906e-009 wvoff=8.51763e-009 pvoff=-1.36641e-015 nfactor=1.14491 lnfactor=1.65319e-008 wnfactor=-5.95179e-009 pnfactor=1.93875e-015 pclm=2.65776 lpclm=-1.9952e-007 wpclm=-2.13849e-007 ppclm=2.41467e-014 pdiblcb=-3.9798 lpdiblcb=5.29266e-007 wpdiblcb=-6.2285e-007 ppdiblcb=5.08922e-014 pscbe1=-5.3e+008 lpscbe1=153 wpscbe1=336.6 ppscbe1=-3.366e-005 pvag=6.04997 lpvag=-5.9257e-007 wpvag=-1.33093e-006 ppvag=1.30361e-013 ute=-0.414135 lute=-4.36472e-008 wute=2.52239e-008 pute=2.8478e-014 ua1=4.37327e-009 lua1=-3.27984e-016 wua1=-4.00199e-016 pua1=1.00598e-022 ub1=-6.10158e-018 lub1=4.15322e-025 wub1=7.03288e-025 pub1=-1.14211e-031 uc1=-8.57234e-011 luc1=2.46323e-017 wuc1=-1.69555e-017 puc1=-6.33445e-024 at=38950.9 lat=0.00464062 wat=0.00552455 pat=-2.32031e-009 kt1=-0.243082 lkt1=-6.1275e-009 wkt1=1.01504e-008 pkt1=9.17812e-016 kt2=0.014073 lkt2=-8.36527e-009 wkt2=9.40795e-010 pkt2=1.25091e-015 pdiblc2=4.625e-005 lpdiblc2=-2.625e-012 wpdiblc2=-9.96873e-028 ppdiblc2=0 dwg=0 dwb=0 binunit=2 mobmod=1 capmod=3 noimod=2 paramchk=1 delta=0.01 tnom=27 tox=4e-009 toxm=4e-009 nch=8.11518e+017 xj=1.5e-007 ngate=0 rsh=0 k3=-5.059 k3b=3.962 w0=2.705e-007 nlx=8.26e-008 dvt0=0.9523 dvt1=0.2578 dvt2=0.099 dvt0w=-2.973 dvt1w=5.3e+006 dvt2w=-0.032 eta0=0.003519 etab=-0.004696 dsub=0.2 b0=0 b1=0 a1=1e-015 a2=0.995 rdsw=1505 prwb=-0.009067 prwg=-0.2868 wr=1 wint=-4e-008 wl=0 wln=1 ww=0 wwn=1 wwl=0 lint=5e-008 ll=0 lln=0.21 lw=0 lwn=1 lwl=0 cit=0 cdsc=0.00024 cdscb=0 cdscd=0 pdiblc1=0.1029 drout=0.56 pscbe2=1e-005 alpha0=0 alpha1=0 beta0=30 js=1.775e-006 jsw=1e-018 nj=1.127 ijth=0.001416 cj=0.0009621 mj=0.3626 pb=0.775 cjsw=2.8e-011 mjsw=0.05 pbsw=1 cjswg=5e-010 mjswg=0.33 pbswg=1 cgdo=2.6e-010 cgso=2.6e-010 cgbo=0 cgsl=0 cgdl=0 ckappa=0.6 cf=0 noff=3 voffcv=-0.08 acde=0.9 moin=15 dlc=-136n dwc=0 llc=5.77n lwc=0 lwlc=0 wlc=0 wwc=0 wwlc=0 clc=1e-007 cle=0.6 elm=2 xpart=0.5 kt1l=0 prt=565.7 xti=1.311 tpb=0.0008294 tpbsw=0 tpbswg=0 tcj=0.0006115 tcjsw=0 tcjswg=0 ef=1.24 em=21500000 noia=5.623e+19 noib=1526000 noic=3.630e-11 binflag=1 lref=1e14 wref=1e14 tref=25 xl=0 xw=0 lmlt=1 wmlt=1 rd=0 rdc=0 rs=0 rsc=0 acm=12 hdif=0.15e-6 ldif=0 calcacm=1);--> * Unrecognized parameter "binflag" -- ignored
* Unrecognized parameter "lref" -- ignored
* Unrecognized parameter "wref" -- ignored
* Unrecognized parameter "lmlt" -- ignored
* Unrecognized parameter "wmlt" -- ignored
* Unrecognized parameter "rdc" -- ignored
* Unrecognized parameter "rsc" -- ignored
.model n18 nmos (lmin=1.65e-007 lmax=5e-007 wmin=2.05e-007 wmax=5e-007 level=49 version=3.24 vth0=0.366117 lvth0=-1.47403e-008 wvth0=2.66725e-008 pvth0=-3.56297e-015 k1=0.545245 lk1=2.98012e-008 wk1=-3.37317e-008 pk1=2.15531e-015 k2=-0.0828741 lk2=-3.13688e-009 wk2=2.2083e-008 pk2=-2.21616e-015 u0=82.1962 lu0=-7.21406e-007 wu0=3.91347e-005 pu0=-3.05508e-012 ua=-2.20996e-009 lua=-1.9575e-017 wua=1.47763e-016 pua=-1.78406e-023 ub=2.05305e-018 lub=1.96594e-026 wub=8.35067e-026 pub=-4.38281e-033 uc=2.54121e-011 luc=1.89694e-018 wuc=9.47866e-018 puc=-1.08694e-024 vsat=160610 lvsat=-0.00671812 wvsat=-0.0106955 pvsat=1.42312e-009 a0=0.792804 la0=6.44625e-008 wa0=8.80982e-008 pa0=-5.98125e-015 ags=0.0494074 lags=-1.05104e-007 wags=1.95167e-007 pags=-1.94303e-014 keta=0.128524 lketa=-5.75606e-009 wketa=-3.64768e-008 pketa=3.3e-015 voff=-0.0396063 lvoff=-8.33438e-009 wvoff=-3.8775e-008 pvoff=3.465e-015 nfactor=1.32076 lnfactor=-5.88197e-008 wnfactor=-3.35812e-007 pnfactor=3.6563e-014 pclm=2.36668 lpclm=-1.41825e-007 wpclm=-8.54955e-008 ppclm=1.74281e-014 pdiblcb=-6.62619 lpdiblcb=6.82999e-007 wpdiblcb=1.54688e-009 ppdiblcb=-6.49688e-016 pscbe1=1.30128e+009 lpscbe1=-95.1788 wpscbe1=-237.831 ppscbe1=2.71734e-005 pvag=8.93382 lpvag=-8.79934e-007 wpvag=-1.74885e-006 ppvag=1.73451e-013 ute=-0.724151 lute=-2.08706e-008 wute=-1.81402e-008 pute=-6.04313e-015 ua1=1.75309e-009 lua1=-4.99594e-017 wua1=1.18422e-016 pua1=-2.03672e-023 ub1=-2.09579e-018 lub1=5.69102e-026 wub1=-1.56513e-025 pub1=2.77855e-032 uc1=1.94736e-027 luc1=-8.17891e-034 wuc1=-5.95026e-034 puc1=2.49911e-040 at=-3811.21 lat=0.00453291 wat=0.0114515 pat=-9.58547e-010 kt1=-0.253838 lkt1=-6.73687e-009 wkt1=1.64754e-008 pkt1=-2.05219e-015 kt2=-0.044602 lkt2=1.70752e-009 wkt2=-2.35371e-009 pkt2=7.75706e-016 eta0=0.474555 leta0=-3.98752e-008 weta0=-2.351e-009 peta0=9.21422e-016 etab=-0.428366 letab=2.49788e-008 wetab=-2.02321e-009 petab=7.0125e-016 pdiblc2=6.40625e-005 lpdiblc2=-5.90625e-012 wpdiblc2=1.65815e-027 ppdiblc2=-5.0822e-034 dwg=0 dwb=0 binunit=2 mobmod=1 capmod=3 noimod=2 paramchk=1 delta=0.01 tnom=27 tox=4e-009 toxm=4e-009 nch=4.06574e+017 xj=1.5e-007 ngate=0 rsh=0 k3=-4.827 k3b=3.062 w0=1.39e-007 nlx=1.605e-007 dvt0=2.483 dvt1=0.6728 dvt2=-0.06749 dvt0w=-1.602 dvt1w=5.3e+006 dvt2w=-0.032 dsub=1.431 b0=0 b1=0 a1=0 a2=1 rdsw=340.2 prwb=0.04881 prwg=-0.2326 wr=1 wint=0 wl=0 wln=1 ww=0 wwn=1 wwl=0 lint=2.5e-008 ll=0 lln=0.18 lw=0 lwn=1 lwl=0 cit=0 cdsc=0.00024 cdscb=0 cdscd=0 pdiblc1=0.05871 drout=0.56 pscbe2=1e-005 alpha0=0 alpha1=0 beta0=30 js=1.663e-005 jsw=6.906e-011 nj=1.427 ijth=0.1 cj=0.001151 mj=0.409 pb=0.75 cjsw=2e-011 mjsw=0.33 pbsw=1 cjswg=5e-010 mjswg=0.33 pbswg=1 cgdo=2.2e-010 cgso=2.2e-010 cgbo=0 cgsl=0 cgdl=0 ckappa=0.6 cf=0 noff=3 voffcv=-0.09 acde=1.2 moin=15 dlc=-142n dwc=0 llc=9.7n lwc=0 lwlc=0 wlc=0 wwc=0 wwlc=0 clc=1e-007 cle=0.6 elm=2 xpart=0.5 kt1l=0 prt=88.16 xti=1 tpb=0.0008538 tpbsw=0.007691 tpbswg=0 tcj=0.0006691 tcjsw=0.002736 tcjswg=0 ef=0.986 em=5916433 noia=7.943e+19 noib=251188 noic=-2.511e-12 binflag=1 lref=1e14 wref=1e14 tref=25 xl=0 xw=0 lmlt=1 wmlt=1 rd=0 rdc=0 rs=0 rsc=0 acm=12 hdif=0.15e-6 ldif=0 calcacm=1);--> * Unrecognized parameter "binflag" -- ignored
* Unrecognized parameter "lref" -- ignored
* Unrecognized parameter "wref" -- ignored
* Unrecognized parameter "lmlt" -- ignored
* Unrecognized parameter "wmlt" -- ignored
* Unrecognized parameter "rdc" -- ignored
* Unrecognized parameter "rsc" -- ignored
.op
.end

Warning: LTspice supports BSIM3 version 3.3.0. Your model specified an unrecognized version: 3.24
Warning: Pd = 0 is less than W.
Warning: Ps = 0 is less than W.
Warning: LTspice supports BSIM3 version 3.3.0. Your model specified an unrecognized version: 3.24
Warning: Pd = 0 is less than W.
Warning: Ps = 0 is less than W.
Warning: LTspice supports BSIM3 version 3.3.0. Your model specified an unrecognized version: 3.24
Warning: Pd = 0 is less than W.
Warning: Ps = 0 is less than W.
Warning: LTspice supports BSIM3 version 3.3.0. Your model specified an unrecognized version: 3.24
Warning: Pd = 0 is less than W.
Warning: Ps = 0 is less than W.
Direct Newton iteration failed to find .op point.  (Use ".option noopiter" to skip.)
Starting Gmin stepping
Gmin = 10
Gmin = 1.07374
Gmin = 0.115292
Gmin = 0.0123794
Gmin = 0.00132923
Gmin = 0.000142725
Gmin = 1.5325e-005
Gmin = 1.6455e-006
Gmin = 1.76685e-007
Gmin = 1.89714e-008
Gmin = 2.03704e-009
Gmin = 2.18725e-010
Gmin = 2.34854e-011
Gmin = 2.52173e-012
Gmin = 2.70769e-013
Gmin = 0
Gmin stepping succeeded in finding the operating point.

Semiconductor Device Operating Points:
                        --- BSIM3 MOSFETS ---
Name:        m30         m29         m27         m28         m26
Model:       n18         n18         n18         n18         n18
Id:        3.48e-06    3.48e-06    3.48e-06    3.48e-06    4.50e-04
Vgs:       5.71e-01    5.93e-01    5.71e-01    5.93e-01    5.93e-01
Vds:       1.71e+00    9.30e-02    1.71e+00    9.30e-02    1.66e+00
Vbs:      -9.30e-02    0.00e+00   -9.30e-02    0.00e+00    0.00e+00
Vth:       4.81e-01    4.63e-01    4.81e-01    4.63e-01    4.61e-01
Vdsat:     1.17e-01    1.42e-01    1.17e-01    1.42e-01    1.43e-01
Gm:        4.72e-05    3.30e-05    4.72e-05    3.30e-05    5.04e-03
Gds:       3.65e-07    2.02e-05    3.65e-07    2.02e-05    3.59e-05
Gmb        8.25e-06    6.52e-06    8.25e-06    6.52e-06    9.33e-04
Cbd:       0.00e+00    0.00e+00    0.00e+00    0.00e+00    0.00e+00
Cbs:       0.00e+00    0.00e+00    0.00e+00    0.00e+00    0.00e+00
Cgsov:     1.10e-16    1.10e-16    1.10e-16    1.10e-16    8.80e-15
Cgdov:     1.10e-16    1.10e-16    1.10e-16    1.10e-16    8.80e-15
Cgbov:     0.00e+00    0.00e+00    0.00e+00    0.00e+00    0.00e+00
dQgdVgb:   8.90e-16    9.83e-16    8.90e-16    9.83e-16    7.34e-14
dQgdVdb:  -1.10e-16   -2.46e-16   -1.10e-16   -2.46e-16   -8.76e-15
dQgdVsb:  -6.49e-16   -6.25e-16   -6.49e-16   -6.25e-16   -5.45e-14
dQddVgb:  -3.67e-16   -4.45e-16   -3.67e-16   -4.45e-16   -3.05e-14
dQddVdb:   1.10e-16    2.44e-16    1.10e-16    2.44e-16    8.78e-15
dQddVsb:   3.10e-16    2.77e-16    3.10e-16    2.77e-16    2.65e-14
dQbdVgb:  -1.55e-16   -9.20e-17   -1.55e-16   -9.20e-17   -1.24e-14
dQbdVdb:   6.43e-20   -1.31e-16    6.43e-20   -1.31e-16    4.99e-18
dQbdVsb:  -8.03e-17   -3.78e-17   -8.03e-17   -3.78e-17   -7.25e-15

Name:        m24         m22         m21         m18         m19
Model:       n18         n18         n18         n18         n18
Id:        4.50e-04    2.05e-09    1.40e-09    6.91e-10    1.03e-05
Vgs:       5.93e-01    5.93e-01    3.00e-01    9.30e-02    5.93e-01
Vds:       1.66e+00    1.36e-06    1.83e-04    1.63e+00    7.90e-01
Vbs:       0.00e+00    0.00e+00   -1.36e-06   -1.36e-06    0.00e+00
Vth:       4.61e-01    4.63e-01    4.84e-01    4.76e-01    4.62e-01
Vdsat:     1.43e-01    1.42e-01    4.16e-02    4.10e-02    1.43e-01
Gm:        5.04e-03    1.50e-08    4.00e-08    2.14e-08    1.18e-04
Gds:       3.59e-05    1.51e-03    7.63e-06    2.55e-10    1.42e-06
Gmb        9.33e-04    2.90e-09    8.48e-09    4.44e-09    2.29e-05
Cbd:       0.00e+00    0.00e+00    0.00e+00    0.00e+00    0.00e+00
Cbs:       0.00e+00    0.00e+00    0.00e+00    0.00e+00    0.00e+00
Cgsov:     8.80e-15    2.97e-15    2.42e-15    2.42e-15    2.20e-16
Cgdov:     8.80e-15    2.97e-15    2.42e-15    2.42e-15    2.20e-16
Cgbov:     0.00e+00    0.00e+00    0.00e+00    0.00e+00    0.00e+00
dQgdVgb:   7.34e-14    2.85e-14    1.05e-14    8.94e-15    1.83e-15
dQgdVdb:  -8.76e-15   -1.39e-14   -4.71e-15   -2.42e-15   -2.19e-16
dQgdVsb:  -5.45e-14   -1.20e-14   -2.65e-15   -2.70e-15   -1.36e-15
dQddVgb:  -3.05e-14   -1.39e-14   -3.91e-15   -2.57e-15   -7.62e-16
dQddVdb:   8.78e-15    1.36e-14    4.95e-15    2.42e-15    2.20e-16
dQddVsb:   2.65e-14    2.73e-15   -6.93e-16    1.80e-16    6.62e-16
dQbdVgb:  -1.24e-14   -6.18e-16   -2.69e-15   -3.81e-15   -3.10e-16
dQbdVdb:   4.99e-18   -1.04e-14   -2.77e-15    3.13e-19   -1.18e-19
dQbdVsb:  -7.25e-15    3.57e-15    1.62e-15   -8.24e-17   -1.81e-16

Name:        m14         m13         m2          m1          m0n
Model:       n18         n18         n18         n18         n18
Id:        1.10e-05    1.10e-05    1.07e-05    1.00e-05    1.48e-04
Vgs:       6.01e-01    6.37e-01    5.93e-01    5.93e-01    5.93e-01
Vds:       2.40e-01    3.60e-01    1.08e+00    5.93e-01    2.83e-01
Vbs:       0.00e+00   -2.40e-01    0.00e+00    0.00e+00    0.00e+00
Vth:       4.83e-01    5.28e-01    4.62e-01    4.62e-01    4.63e-01
Vdsat:     1.30e-01    1.25e-01    1.43e-01    1.43e-01    1.42e-01
Gm:        1.30e-04    1.36e-04    1.21e-04    1.15e-04    1.69e-03
Gds:       7.24e-06    5.22e-06    1.13e-06    1.79e-06    5.83e-05
Gmb        2.46e-05    2.13e-05    2.32e-05    2.25e-05    3.35e-04
Cbd:       0.00e+00    0.00e+00    0.00e+00    0.00e+00    0.00e+00
Cbs:       0.00e+00    0.00e+00    0.00e+00    0.00e+00    0.00e+00
Cgsov:     2.20e-16    2.20e-16    2.20e-16    2.20e-16    3.52e-15
Cgdov:     2.20e-16    2.20e-16    2.20e-16    2.20e-16    3.52e-15
Cgbov:     0.00e+00    0.00e+00    0.00e+00    0.00e+00    0.00e+00
dQgdVgb:   1.33e-15    1.32e-15    1.83e-15    1.84e-15    2.95e-14
dQgdVdb:  -2.25e-16   -2.18e-16   -2.19e-16   -2.20e-16   -3.66e-15
dQgdVsb:  -9.19e-16   -9.15e-16   -1.36e-15   -1.36e-15   -2.18e-14
dQddVgb:  -5.62e-16   -5.55e-16   -7.62e-16   -7.63e-16   -1.23e-14
dQddVdb:   2.27e-16    2.20e-16    2.20e-16    2.20e-16    3.66e-15
dQddVsb:   4.08e-16    3.93e-16    6.62e-16    6.63e-16    1.06e-14
dQbdVgb:  -2.11e-16   -2.10e-16   -3.10e-16   -3.09e-16   -4.84e-15
dQbdVdb:  -8.53e-18   -1.58e-18    5.32e-20   -5.40e-19   -1.41e-16
dQbdVsb:  -1.17e-16   -9.22e-17   -1.81e-16   -1.82e-16   -2.91e-15

Name:        m1n         m2n         m3          m5          m4
Model:       n18         n18         n18         n18         n18
Id:        7.39e-05    7.39e-05    1.49e-04    8.61e-05    1.49e-04
Vgs:       6.17e-01    6.17e-01    6.01e-01    6.37e-01    6.01e-01
Vds:       1.27e+00    1.27e+00    2.40e-01    4.24e-01    2.40e-01
Vbs:      -2.83e-01   -2.83e-01    0.00e+00   -2.40e-01    0.00e+00
Vth:       5.30e-01    5.30e-01    4.83e-01    5.28e-01    4.83e-01
Vdsat:     1.12e-01    1.12e-01    1.30e-01    1.26e-01    1.30e-01
Gm:        9.74e-04    9.74e-04    1.75e-03    1.05e-03    1.75e-03
Gds:       2.00e-05    2.00e-05    9.80e-05    3.60e-05    9.80e-05
Gmb        1.37e-04    1.37e-04    3.32e-04    1.64e-04    3.32e-04
Cbd:       0.00e+00    0.00e+00    0.00e+00    0.00e+00    0.00e+00
Cbs:       0.00e+00    0.00e+00    0.00e+00    0.00e+00    0.00e+00
Cgsov:     1.54e-15    1.54e-15    2.97e-15    1.65e-15    2.97e-15
Cgdov:     1.54e-15    1.54e-15    2.97e-15    1.65e-15    2.97e-15
Cgbov:     0.00e+00    0.00e+00    0.00e+00    0.00e+00    0.00e+00
dQgdVgb:   9.09e-15    9.09e-15    1.80e-14    9.90e-15    1.80e-14
dQgdVdb:  -1.51e-15   -1.51e-15   -3.04e-15   -1.63e-15   -3.04e-15
dQgdVsb:  -6.22e-15   -6.22e-15   -1.24e-14   -6.87e-15   -1.24e-14
dQddVgb:  -3.80e-15   -3.80e-15   -7.58e-15   -4.16e-15   -7.58e-15
dQddVdb:   1.53e-15    1.53e-15    3.06e-15    1.64e-15    3.06e-15
dQddVsb:   2.65e-15    2.65e-15    5.51e-15    2.95e-15    5.51e-15
dQbdVgb:  -1.49e-15   -1.49e-15   -2.84e-15   -1.58e-15   -2.84e-15
dQbdVdb:   3.17e-18    3.17e-18   -1.16e-16   -5.41e-18   -1.16e-16
dQbdVsb:  -6.07e-16   -6.07e-16   -1.59e-15   -6.92e-16   -1.59e-15

Name:        m6          m25         m23         m17         m16
Model:       n18         p18         p18         p18         p18
Id:        8.61e-05   -4.50e-04   -4.50e-04   -1.40e-09   -6.91e-10
Vgs:       6.37e-01   -1.14e+00   -1.14e+00   -1.68e-01   -1.68e-01
Vds:       4.24e-01   -1.39e-01   -1.39e-01   -1.80e+00   -1.68e-01
Vbs:      -2.40e-01    0.00e+00    0.00e+00    0.00e+00    0.00e+00
Vth:       5.28e-01   -5.17e-01   -5.17e-01   -5.08e-01   -5.17e-01
Vdsat:     1.26e-01   -4.61e-01   -4.61e-01   -3.61e-02   -3.61e-02
Gm:        1.05e-03    7.71e-04    7.71e-04    3.56e-08    1.79e-08
Gds:       3.60e-05    2.74e-03    2.74e-03    5.01e-10    3.86e-10
Gmb        1.64e-04    2.21e-04    2.21e-04    1.21e-08    6.25e-09
Cbd:       0.00e+00    0.00e+00    0.00e+00    0.00e+00    0.00e+00
Cbs:       0.00e+00    0.00e+00    0.00e+00    0.00e+00    0.00e+00
Cgsov:     1.65e-15    5.20e-15    5.20e-15    1.82e-15    1.82e-15
Cgdov:     1.65e-15    5.20e-15    5.20e-15    1.82e-15    1.82e-15
Cgbov:     0.00e+00    0.00e+00    0.00e+00    0.00e+00    0.00e+00
dQgdVgb:   9.90e-15    3.39e-14    3.39e-14    6.93e-15    6.91e-15
dQgdVdb:  -1.63e-15   -1.26e-14   -1.26e-14   -1.82e-15   -1.82e-15
dQgdVsb:  -6.87e-15   -1.89e-14   -1.89e-14   -2.30e-15   -2.27e-15
dQddVgb:  -4.16e-15   -1.64e-14   -1.64e-14   -2.06e-15   -2.04e-15
dQddVdb:   1.64e-15    1.46e-14    1.46e-14    1.82e-15    1.82e-15
dQddVsb:   2.95e-15    5.19e-15    5.19e-15    3.26e-16    3.06e-16
dQbdVgb:  -1.58e-15   -1.14e-15   -1.14e-15   -2.82e-15   -2.83e-15
dQbdVdb:  -5.41e-18   -1.15e-14   -1.15e-14    7.22e-19   -2.79e-18
dQbdVsb:  -6.92e-16    3.29e-15    3.29e-15   -1.71e-16   -1.61e-16

Name:        m20         m15         m12         m11         m1p
Model:       p18         p18         p18         p18         p18
Id:       -1.03e-05   -1.03e-05   -1.10e-05   -1.07e-05   -6.30e-05
Vgs:      -7.00e-01   -7.61e-01   -7.17e-01   -7.17e-01   -6.46e-01
Vds:      -2.49e-01   -4.51e-01   -9.23e-01   -7.17e-01   -1.31e+00
Vbs:       0.00e+00    2.49e-01    0.00e+00    0.00e+00    2.54e-01
Vth:      -5.17e-01   -5.91e-01   -4.29e-01   -4.30e-01   -5.86e-01
Vdsat:    -1.62e-01   -1.60e-01   -2.44e-01   -2.43e-01   -9.10e-02
Gm:        9.61e-05    1.02e-04    6.82e-05    6.61e-05    9.77e-04
Gds:       4.92e-06    2.73e-06    1.68e-06    1.92e-06    1.67e-05
Gmb        2.75e-05    2.62e-05    1.85e-05    1.80e-05    2.83e-04
Cbd:       0.00e+00    0.00e+00    0.00e+00    0.00e+00    0.00e+00
Cbs:       0.00e+00    0.00e+00    0.00e+00    0.00e+00    0.00e+00
Cgsov:     5.20e-16    5.20e-16    2.60e-16    2.60e-16    1.09e-14
Cgdov:     5.20e-16    5.20e-16    2.60e-16    2.60e-16    1.09e-14
Cgbov:     0.00e+00    0.00e+00    0.00e+00    0.00e+00    0.00e+00
dQgdVgb:   2.98e-15    2.95e-15    2.08e-15    2.08e-15    5.79e-14
dQgdVdb:  -5.31e-16   -5.13e-16   -2.57e-16   -2.57e-16   -1.08e-14
dQgdVsb:  -2.08e-15   -2.06e-15   -1.60e-15   -1.60e-15   -3.80e-14
dQddVgb:  -1.24e-15   -1.23e-15   -8.64e-16   -8.64e-16   -2.35e-14
dQddVdb:   5.38e-16    5.17e-16    2.58e-16    2.59e-16    1.08e-14
dQddVsb:   9.48e-16    9.13e-16    7.85e-16    7.86e-16    1.62e-14
dQbdVgb:  -4.92e-16   -4.88e-16   -3.54e-16   -3.53e-16   -1.09e-14
dQbdVdb:  -2.54e-17   -1.33e-18    3.06e-19   -2.14e-19    3.22e-17
dQbdVsb:  -3.39e-16   -2.84e-16   -2.32e-16   -2.32e-16   -5.39e-15

Name:        m2p         m9          m10         m7          m8
Model:       p18         p18         p18         p18         p18
Id:       -6.30e-05   -1.60e-04   -1.60e-04   -8.61e-05   -8.61e-05
Vgs:      -6.46e-01   -7.00e-01   -7.00e-01   -7.59e-01   -7.59e-01
Vds:      -1.31e+00   -2.51e-01   -2.51e-01   -8.85e-01   -8.85e-01
Vbs:       2.54e-01    0.00e+00    0.00e+00    2.51e-01    2.51e-01
Vth:      -5.86e-01   -5.17e-01   -5.17e-01   -5.88e-01   -5.88e-01
Vdsat:    -9.10e-02   -1.62e-01   -1.62e-01   -1.60e-01   -1.60e-01
Gm:        9.77e-04    1.49e-03    1.49e-03    8.41e-04    8.41e-04
Gds:       1.67e-05    7.54e-05    7.54e-05    1.76e-05    1.76e-05
Gmb        2.83e-04    4.26e-04    4.26e-04    2.29e-04    2.29e-04
Cbd:       0.00e+00    0.00e+00    0.00e+00    0.00e+00    0.00e+00
Cbs:       0.00e+00    0.00e+00    0.00e+00    0.00e+00    0.00e+00
Cgsov:     1.09e-14    8.06e-15    8.06e-15    4.03e-15    4.03e-15
Cgdov:     1.09e-14    8.06e-15    8.06e-15    4.03e-15    4.03e-15
Cgbov:     0.00e+00    0.00e+00    0.00e+00    0.00e+00    0.00e+00
dQgdVgb:   5.79e-14    4.62e-14    4.62e-14    2.28e-14    2.28e-14
dQgdVdb:  -1.08e-14   -8.22e-15   -8.22e-15   -3.96e-15   -3.96e-15
dQgdVsb:  -3.80e-14   -3.22e-14   -3.22e-14   -1.60e-14   -1.60e-14
dQddVgb:  -2.35e-14   -1.93e-14   -1.93e-14   -9.51e-15   -9.51e-15
dQddVdb:   1.08e-14    8.33e-15    8.33e-15    3.99e-15    3.99e-15
dQddVsb:   1.62e-14    1.47e-14    1.47e-14    7.06e-15    7.06e-15
dQbdVgb:  -1.09e-14   -7.64e-15   -7.64e-15   -3.80e-15   -3.80e-15
dQbdVdb:   3.22e-17   -3.83e-16   -3.83e-16    1.11e-17    1.11e-17
dQbdVsb:  -5.39e-15   -5.26e-15   -5.26e-15   -2.19e-15   -2.19e-15

Name:        m0p
Model:       p18
Id:       -1.26e-04
Vgs:      -7.17e-01
Vds:      -2.54e-01
Vbs:       0.00e+00
Vth:      -4.32e-01
Vdsat:    -2.42e-01
Gm:        7.38e-04
Gds:       1.06e-04
Gmb        2.04e-04
Cbd:       0.00e+00
Cbs:       0.00e+00
Cgsov:     3.51e-15
Cgdov:     3.51e-15
Cgbov:     0.00e+00
dQgdVgb:   2.84e-14
dQgdVdb:  -4.00e-15
dQgdVsb:  -2.15e-14
dQddVgb:  -1.20e-14
dQddVdb:   4.07e-15
dQddVsb:   1.05e-14
dQbdVgb:  -4.41e-15
dQbdVdb:  -6.30e-16
dQbdVsb:  -2.99e-15



Date: Wed Feb 22 23:39:53 2023
Total elapsed time: 0.122 seconds.

tnom = 27
temp = 27
method = trap
totiter = 503
traniter = 0
tranpoints = 0
accept = 0
rejected = 0
matrix size = 34
fillins = 34
solver = Normal
Thread vector: 19.2/8.1[3] 0.0/0.0[0] 1.4/3.5[1] 0.2/1.1[1]  2592/500
Matrix Compiler1: 6.14 KB object code size
Matrix Compiler2: 4.63 KB object code size  0.5/0.5/[0.3]

